********************************************************************************
DUPLICATOR-LITE PACKAGE-LOG: 19 de March de 2024 05:57
NOTICE: Do NOT post to public sites or forums 
********************************************************************************
VERSION:	1.5.8.1
WORDPRESS:	6.4.3
PHP INFO:	8.2.12 | SAPI: apache2handler
SERVER:		Apache/2.4.58 (Win64) OpenSSL/3.1.3 PHP/8.2.12 
PHP TIME LIMIT: (0) no time limit imposed 
PHP MAX MEMORY: 4294967296 (512M default) 
MEMORY STACK: 56MB
[CTRL DUP ARCIVE] PACKAGE AS NEW ID 1 SAVED | STATUS:0
[DUP ARCHIVE] BUILDING DATABASE

********************************************************************************
DATABASE:
********************************************************************************
BUILD MODE:   MYSQLDUMP
MYSQLTIMEOUT: 5000
MYSQLDUMP:    Is Supported
SQL CREATED: 20240319_actasuniversales_3786746924014f963777_20240319055545_database.sql
SQL FILE SIZE: 6.15MB (6452365)
SQL FILE TIME: 2024-03-19 05:58:07
SQL RUNTIME: 14.60 sec.
[DUP ARCHIVE] VALIDATING DATABASE
[DUP ARCHIVE] DONE DATABASE

********************************************************************************
ARCHIVE Type=DUP Mode=DupArchive
********************************************************************************
ARCHIVE DIR:  F:/xampp/htdocs/wordpress
ARCHIVE FILE: 20240319_actasuniversales_3786746924014f963777_20240319055545_archive.daf
FILTERS: *OFF*
DIRS:
	not set
FILES:
	not set
EXTS:  not set
----------------------------------------
COMPRESSING
SIZE:	169.3MB
STATS:	Dirs 1,077 | Files 5,895 | Total 6,972
[DUP ARCHIVE] DONE ARCHIVE
[DUP ARCHIVE] DONE ARCHIVE
[DUP ARCHIVE] DONE ARCHIVE
[DUP ARCHIVE] DONE ARCHIVE
[DUP ARCHIVE] DONE ARCHIVE
building installer
[DUP ARCHIVE] DONE ARCHIVE
COMPRESSED SIZE: 81.24MB
ARCHIVE RUNTIME: 71.28 sec.
MEMORY STACK: 60MB
CREATE WARNINGS: No warnings.
VALIDATION WARNINGS: No warnings.
[DUP ARCHIVE] DONE ARCHIVE
[DUP ARCHIVE] HAS COMPLETED CLOSING
[DUP ARCHIVE] DUP ARCHIVE INTEGRITY CHECK

********************************************************************************
INTEGRITY CHECKS:
********************************************************************************
SQL FILE: 6.15MB
INSTALLER FILE: 94.82KB
ARCHIVE FILE: 81.24MB 
RECUENTO ARCHIVOS/DIRECTORIOS ESPERADOS: 7,711
RECUENTO ARCHIVOS/DIRECTORIOS ACTUALES: 7,712

********************************************************************************
RECORD ID:[1]
TOTAL PROCESS RUNTIME: 71.36 sec.
PEAK PHP MEMORY USED: 60MB
DONE PROCESSING => 20240319_actasuniversales 2024-03-19 05:59:04

