********************************************************************************
DUPLICATOR-LITE PACKAGE-LOG: 19 de March de 2024 06:38
NOTICE: Do NOT post to public sites or forums 
********************************************************************************
VERSION:	1.5.8.1
WORDPRESS:	6.4.3
PHP INFO:	8.2.12 | SAPI: apache2handler
SERVER:		Apache/2.4.58 (Win64) OpenSSL/3.1.3 PHP/8.2.12 
PHP TIME LIMIT: (0) no time limit imposed 
PHP MAX MEMORY: 4294967296 (512M default) 
MEMORY STACK: 56MB

********************************************************************************
DATABASE:
********************************************************************************
BUILD MODE:   MYSQLDUMP
MYSQLTIMEOUT: 5000
MYSQLDUMP:    Is Supported
SQL CREATED: 20240319_actasuniversales_855b248d20f7c9b74732_20240319063837_database.sql
SQL FILE SIZE: 6.17MB (6472284)
SQL FILE TIME: 2024-03-19 06:39:02
SQL RUNTIME: 13.99 sec.

********************************************************************************
ARCHIVE (ZIP):
********************************************************************************
ARCHIVE DIR:  F:/xampp/htdocs/wordpress
ARCHIVE FILE: 20240319_actasuniversales_855b248d20f7c9b74732_20240319063837_archive.zip
FILTERS: *OFF*
DIRS:
	not set
FILES:
	not set
EXTS:  not set
----------------------------------------
COMPRESSING
SIZE:	169.3MB
STATS:	Dirs 1,077 | Files 5,895
SQL ADDED: 20240319_actasuniversales_855b248d20f7c9b74732_20240319063837_database.sql
ZipArchive Object
(
    [lastId] => 6971
    [status] => 0
    [statusSys] => 0
    [numFiles] => 6972
    [filename] => F:\xampp\htdocs\wordpress\wp-content\backups-dup-lite\tmp\20240319_actasuniversales_855b248d20f7c9b74732_20240319063837_archive.zip
    [comment] => 
)

FILE ADDED TO ZIP: 6971
COMPRESSION RESULT: '1'
COMPRESSED SIZE: 74.44MB
ARCHIVE RUNTIME: 9.50 sec.
MEMORY STACK: 56MB
building installer
PRUEBA DE CONSISTENCIA DEL ARCHIVO: SUPERADA

********************************************************************************
INTEGRITY CHECKS:
********************************************************************************
SQL FILE: 6.17MB
INSTALLER FILE: 73.48KB
ARCHIVE FILE: 76.32MB 
RECUENTO ARCHIVOS/DIRECTORIOS ESPERADOS: 6,972
RECUENTO ARCHIVOS/DIRECTORIOS ACTUALES: 6,971
PRUEBA DE CONSISTENCIA DEL ARCHIVO: Superado

********************************************************************************
RECORD ID:[2]
TOTAL PROCESS RUNTIME: 25.59 sec.
PEAK PHP MEMORY USED: 58MB
DONE PROCESSING => 20240319_actasuniversales 19 de March de 2024 06:39

